Dec 23 09:04 : update: added /t.A.T.u._-_All_About_Us_(Uncensored).mp3
Dec 23 09:04 : update: added /t.A.T.u._-_All_The_Things_She_Said.mp3
Dec 23 09:04 : update: added /t.A.T.u._-_Gomenasai.mp3
Dec 23 09:04 : update: added /t.A.T.u._-_Not_Gonna_Get_Us_(EN).mp3
Dec 23 09:04 : update: added /Taylor Swift - Bad Blood ft. Kendrick Lamar.mp3
Dec 23 09:04 : client: [0] opened from [::1]:57558
Dec 23 09:04 : update: added /Taylor Swift - Blank Space.mp3
Dec 23 09:04 : update: added /Taylor Swift - Shake It Off.mp3
Dec 23 09:04 : update: added /Taylor_Swift_-_I_Knew_You_Were_Trouble.mp3
Dec 23 09:04 : update: added /Taylor_Swift_-_We_Are_Never_Ever_Getting_Back_Together.mp3
Dec 23 09:04 : update: added Teresa Teng best/30132602.mp3
Dec 23 09:04 : update: added Teresa Teng best/30132616.mp3
Dec 23 09:04 : update: added Teresa Teng best/30132619.mp3
Dec 23 09:04 : update: added Teresa Teng best/30481133.mp3
Dec 23 09:04 : update: added Teresa Teng best/30548333.mp3
Dec 23 09:04 : update: added Teresa Teng best/30679025.mp3
Dec 23 09:04 : update: added Teresa Teng best/34880588.mp3
Dec 23 09:04 : update: added Teresa Teng best/34894975.mp3
Dec 23 09:04 : update: added Teresa Teng best/34904269.mp3
Dec 23 09:04 : update: added Teresa Teng best/35000878.mp3
Dec 23 09:04 : update: added Teresa Teng best/35063554.mp3
Dec 23 09:04 : update: added Teresa Teng best/35063555.mp3
Dec 23 09:04 : update: added Teresa Teng best/35063558.mp3
Dec 23 09:04 : update: added Teresa Teng best/35063565.mp3
Dec 23 09:04 : update: added Teresa Teng best/35063572.mp3
Dec 23 09:04 : update: added Teresa Teng best/35063574.mp3
Dec 23 09:04 : update: added Teresa Teng best/35063575.mp3
Dec 23 09:04 : update: added Teresa Teng best/35063576.mp3
Dec 23 09:04 : update: added Teresa Teng best/35063578.mp3
Dec 23 09:04 : update: added Teresa Teng best/35063595.mp3
Dec 23 09:04 : update: added Teresa Teng best/35063597.mp3
Dec 23 09:04 : update: added Teresa Teng best/35063599.mp3
Dec 23 09:04 : update: added Teresa Teng best/35063601.mp3
Dec 23 09:04 : update: added Teresa Teng best/35063630.mp3
Dec 23 09:04 : update: added Teresa Teng best/35063631.mp3
Dec 23 09:04 : update: added Teresa Teng best/35063632.mp3
Dec 23 09:04 : update: added Teresa Teng best/35063635.mp3
Dec 23 09:04 : update: added Teresa Teng best/35063636.mp3
Dec 23 09:04 : update: added Teresa Teng best/35063638.mp3
Dec 23 09:04 : update: added Teresa Teng best/35063640.mp3
Dec 23 09:04 : update: added Teresa Teng best/For Once In My Life.mp3
Dec 23 09:04 : update: added Teresa Teng best/Jambalaya.mp3
Dec 23 09:04 : update: added Teresa Teng best/世界多美丽.mp3
Dec 23 09:04 : update: added Teresa Teng best/丝丝小雨.mp3
Dec 23 09:04 : update: added Teresa Teng best/但愿人长久.mp3
Dec 23 09:04 : update: added Teresa Teng best/何日君再来.mp3
Dec 23 09:04 : update: added Teresa Teng best/你可知道我爱谁 邓丽君.mp3
Dec 23 09:04 : update: added Teresa Teng best/你在我心中.mp3
Dec 23 09:04 : update: added Teresa Teng best/你怎麼說.mp3
Dec 23 09:04 : update: added Teresa Teng best/假如我是真的.mp3
Dec 23 09:04 : update: added Teresa Teng best/再见我的爱人.mp3
Dec 23 09:04 : update: added Teresa Teng best/几多愁.mp3
Dec 23 09:04 : update: added Teresa Teng best/初次尝到寂寞.mp3
Dec 23 09:04 : update: added Teresa Teng best/南海姑娘 (2).mp3
Dec 23 09:04 : update: added Teresa Teng best/南海姑娘.mp3
Dec 23 09:04 : update: added Teresa Teng best/君在前哨.mp3
Dec 23 09:04 : update: added Teresa Teng best/夜来香.mp3
Dec 23 09:04 : update: added Teresa Teng best/家在山那邊.mp3
Dec 23 09:04 : update: added Teresa Teng best/小城故事 (2).mp3
Dec 23 09:04 : update: added Teresa Teng best/小城故事.mp3
Dec 23 09:04 : update: added Teresa Teng best/往事常牵挂.mp3
Dec 23 09:04 : update: added Teresa Teng best/我只在乎你.mp3
Dec 23 09:04 : update: added Teresa Teng best/採檳榔.mp3
Dec 23 09:04 : update: added Teresa Teng best/星.mp3
Dec 23 09:04 : update: added Teresa Teng best/星星索.mp3
Dec 23 09:04 : update: added Teresa Teng best/晶晶.mp3
Dec 23 09:04 : update: added Teresa Teng best/東山飄雨西山晴.mp3
Dec 23 09:04 : update: added Teresa Teng best/水上人.mp3
Dec 23 09:04 : update: added Teresa Teng best/漫步人生路.mp3
Dec 23 09:04 : update: added Teresa Teng best/爱的你呀何处寻.mp3
Dec 23 09:04 : update: added Teresa Teng best/獨上西樓.mp3
Dec 23 09:04 : update: added Teresa Teng best/郊道.mp3
Dec 23 09:04 : update: added Teresa Teng best/酒醉的探戈.mp3
Dec 23 09:04 : update: added Teresa Teng best/采红菱.mp3
Dec 23 09:04 : update: added Teresa Teng best/風兒雨兒.mp3
Dec 23 09:04 : update: added Teresa Teng best/香港.mp3
Dec 23 09:04 : update: added /The Cranberries_-_Daffodil_Lament.mp3
Dec 23 09:04 : update: added /The Fugees - Killing Me Softly With His Song.mp3
Dec 23 09:04 : update: added /The Platters - Deck The Halls.mp3
Dec 23 09:04 : update: added /The Saturdays - What About Us.mp3
Dec 23 09:04 : update: added /The_Best_of_Bach.mp3
Dec 23 09:04 : update: added /The_Cranberries_-_Animal_Instinct.mp3
Dec 23 09:04 : update: added /The_Cranberries_-_Free_To_Decide.mp3
Dec 23 09:04 : update: added /The_Cranberries_-_I_Can't_Be_With_You.mp3
Dec 23 09:04 : update: added /The_Cranberries_-_Ode_To_My_Family.mp3
Dec 23 09:04 : update: added /The_Cranberries_-_Promises.mp3
Dec 23 09:04 : update: added /The_Cranberries_-_Ridiculous_Thoughts.mp3
Dec 23 09:04 : update: added /The_Cranberries_-_Salvation.mp3
Dec 23 09:04 : update: added /The_Cranberries_-_Shattered.mp3
Dec 23 09:04 : update: added /The_Cranberries_-_Such_a_Shame!.mp3
Dec 23 09:04 : update: added /The_Cranberries_-_This_Is_The_Day.mp3
Dec 23 09:04 : update: added /The_Cranberries_-_Time_Is_Ticking_Out.mp3
Dec 23 09:04 : update: added /The_Cranberries_-_Tomorrow.mp3
Dec 23 09:04 : update: added /The_Cranberries_-_Twenty_One.mp3
Dec 23 09:04 : update: added /The_Cranberries_-_Woman_without_pride.mp3
Dec 23 09:04 : update: added /The_Cranberries_-_You_and_Me.mp3
Dec 23 09:04 : update: added /The_Cranberries_-_Zombie.mp3
Dec 23 09:04 : update: added /The_Cranberries_Liar.mp3
Dec 23 09:04 : update: added /The_Lumineers_-_Ho_Hey_(Official_Video).mp3
Dec 23 09:04 : update: added /The_Script_-_Hall_of_Fame_ft._will.i.am.mp3
Dec 23 09:04 : update: added /The_Script_-_If_You_Could_See_Me_Now.mp3
Dec 23 09:04 : update: added /The_Wanted_-_Glad_You_Came.mp3
Dec 23 09:04 : update: added /Tori_Kelly_-_Dear_No_One_(Official_Video).mp3
Dec 23 09:04 : update: added /Train_-_Drive_By.mp3
Dec 23 09:04 : update: added /Usher_-_Scream_(Filmed_at_FUERZA_BRUTA_NYC_SHOW).mp3
Dec 23 09:04 : update: added /Vanessa_Carlton_-_A_Thousand_Miles.mp3
Dec 23 09:04 : update: added /Waiting_for_the_End_(Official_HD).mp3
Dec 23 09:04 : update: added /We_Are_Never_Ever_Getting_Back_Together_(Lyric_Video).mp3
Dec 23 09:04 : update: added /will.i.am - #thatPOWER ft. Justin Bieber.mp3
Dec 23 09:04 : update: added /will.i.am_-_Scream___Shout_ft._Britney_Spears.mp3
Dec 23 09:04 : update: added /Ylvis_-_The_Fox_(What_Does_The_Fox_Say)_[Official_music_video_HD].mp3
Dec 23 09:04 : update: added /Zedd_-_Clarity_(Official_Video)_ft._Foxes.mp3
Dec 23 09:04 : update: added /Zedd_-_Stay_The_Night_ft._Hayley_Williams.mp3
Dec 23 09:04 : update: added /[Black MIDI] Synthesia - Armageddon to Archeopterix and Icaria 3.mp3
Dec 23 09:04 : update: added /凤凰传奇 - 最炫民族风 - The Most Dazzling Folk Style.mp3
Dec 23 09:04 : update: added /凤凰传奇 - 月亮之上 - Above the Moon.mp3
Dec 23 09:04 : update: added /凤凰传奇 - 深深爱 - Deep Love.mp3
Dec 23 09:04 : update: added /凤凰传奇 - 自由飞翔 - Fly Freely.mp3
Dec 23 09:04 : update: added /凤凰传奇作品交响音乐会 3 - 自由飞翔 Symphony from Phoenix Legend 3 - Soaring High.mp3
Dec 23 09:04 : update: added /凤凰传奇作品交响音乐会 4 - 最炫民族风 Symphony from Phoenix Legend 4 - The Hottest Ethnic Trend.mp3
Dec 23 09:04 : update: added /凤凰传奇作品交响音乐会 5 - 我和草原有个约定 Symphony from Phoenix Legend 5 - I have a date with the prairie.mp3
Dec 23 09:04 : update: added /凤凰传奇作品交响音乐会 1 - 月亮之上 Symphony from Phoenix Legend 1 - Above the moon.mp3
Dec 23 09:04 : update: added /凤凰传奇作品交响音乐会 2 - 荷塘月色 Symphony from Phoenix Legend 2 - Moonlight over the Lotus Pond.mp3
Dec 23 09:04 : update: added /小蘋果の馬來西亞本地水果篇 Little Apple by AMOi-AMOi @RED PEOPLE.mp3
Dec 23 09:04 : update: added /筷子兄弟-小蘋果.mp3
Dec 23 09:04 : update: added /Linkin_Park_-_Burning_In_The_Skies_(International_Video).mp3
Dec 23 09:04 : update: added /Linkin_Park_-_CASTLE_OF_GLASS_(featured_in_Medal_of_Honor_Warfighter).mp3
Dec 23 09:04 : update: added /Linkin_Park_-_Crawling.mp3
Dec 23 09:04 : update: added /Linkin_Park_-_Faint.mp3
Dec 23 09:04 : update: added /LINKIN_PARK_-_GUILTY_ALL_THE_SAME_(feat._Rakim)_[Lyric_Video].mp3
Dec 23 09:04 : update: added /Linkin_Park_-_In_The_End.mp3
Dec 23 09:04 : update: added /Linkin_Park_-_Iridescent_[HD]_-_from_Transformers_Dark_of_the_Moon.mp3
Dec 23 09:04 : update: added /Linkin_Park_-_LOST_IN_THE_ECHO_(Official_Music_Video).mp3
Dec 23 09:04 : update: added /Linkin_Park_-_New_Divide.mp3
Dec 23 09:04 : update: added /Linkin_Park_-_Numb.mp3
Dec 23 09:04 : update: added /Linkin_Park_-_One_Step_Closer_(Official_Music_Video).mp3
Dec 23 09:04 : update: added /Linkin_Park_-_Papercut.mp3
Dec 23 09:04 : update: added /Linkin_Park_-_Somewhere_I_Belong_(Official_Music_Video).mp3
Dec 23 09:04 : update: added /Linkin_Park_-_The_Catalyst_(Official_HD).mp3
Dec 23 09:04 : update: added /Linkin_Park_-_Until_It's_Gone_[Official_Lyric_Video].mp3
Dec 23 09:04 : update: added /Linkin_Park_-_What_I've_Done.mp3
Dec 23 09:04 : update: added /LINKIN_PARK_x_STEVE_AOKI_-_A_LIGHT_THAT_NEVER_COMES_Official_Lyric_Video_(FULL_SONG).mp3
Dec 23 09:04 : update: added /Little_Mix_-_Little_Me.mp3
Dec 23 09:04 : update: added /LMFAO_-_Sexy_and_I_Know_It.mp3
Dec 23 09:04 : update: added /Lorde_-_Royals_(US_Version).mp3
Dec 23 09:04 : update: added /Lorde_-_Team.mp3
Dec 23 09:04 : update: added /Lorde_-_Tennis_Court.mp3
Dec 23 09:04 : update: added /Ludwig van BEETHOVEN_ Bagatelle in A minor (Für Elise).mp3
Dec 23 09:04 : update: added /Macklemore___Ryan_Lewis_-_'Can't_Hold_Us'_feat._Ray_Dalton_(live_on_triple_j).mp3
Dec 23 09:04 : update: added /MACKLEMORE___RYAN_LEWIS_-_THRIFT_SHOP_FEAT._WANZ_(OFFICIAL_VIDEO).mp3
Dec 23 09:04 : update: added /MAGIC!_-_Rude.mp3
Dec 23 09:04 : update: added Maksim Mrvica/1999 - Geste (Gestures)/01 - Varijacije Na Medjimursku.mp3
Dec 23 09:04 : update: added Maksim Mrvica/1999 - Geste (Gestures)/02 - Igra Staklenih Perli.mp3
Dec 23 09:04 : update: added Maksim Mrvica/1999 - Geste (Gestures)/03 - Moderato Misterioso.mp3
Dec 23 09:04 : update: added Maksim Mrvica/1999 - Geste (Gestures)/04 - Allegro Giusto.mp3
Dec 23 09:04 : update: added Maksim Mrvica/1999 - Geste (Gestures)/05 - Grave.mp3
Dec 23 09:04 : update: added Maksim Mrvica/1999 - Geste (Gestures)/06 - Allegro Molto, Ben Ritmico.mp3
Dec 23 09:04 : update: added Maksim Mrvica/1999 - Geste (Gestures)/07 - Presto Assai.mp3
Dec 23 09:04 : update: added Maksim Mrvica/1999 - Geste (Gestures)/08 - Preludij I.mp3
Dec 23 09:04 : update: added Maksim Mrvica/1999 - Geste (Gestures)/09 - Preludij II.mp3
Dec 23 09:04 : update: added Maksim Mrvica/1999 - Geste (Gestures)/10 - Grave - Prestissimo.mp3
Dec 23 09:04 : update: added Maksim Mrvica/1999 - Geste (Gestures)/14 - Largo.mp3
Dec 23 09:04 : update: added Maksim Mrvica/1999 - Geste (Gestures)/15 - Allegro Vivo.mp3
Dec 23 09:04 : update: added Maksim Mrvica/1999 - Geste (Gestures)/16 - Neurosis.mp3
Dec 23 09:04 : update: added Maksim Mrvica/1999 - Geste (Gestures)/17 - Ples Barunice.mp3
Dec 23 09:04 : update: added Maksim Mrvica/1999 - Geste (Gestures)/18 - Geste.mp3
Dec 23 09:04 : update: added Maksim Mrvica/2003 - The Piano Player/01 - The Flight Of The Bumble-Bee.mp3
Dec 23 09:04 : update: added Maksim Mrvica/2003 - The Piano Player/02 - Grieg's Piano Concerto In A Minor.mp3
Dec 23 09:04 : update: added Maksim Mrvica/2003 - The Piano Player/03 - Exodus.mp3
Dec 23 09:04 : update: added Maksim Mrvica/2003 - The Piano Player/04 - Claudine.mp3
Dec 23 09:04 : update: added Maksim Mrvica/2003 - The Piano Player/05 - Wonderland.mp3
Dec 23 09:04 : update: added Maksim Mrvica/2003 - The Piano Player/06 - Handel's Sarabande.mp3
Dec 23 09:04 : update: added Maksim Mrvica/2003 - The Piano Player/07 - Rhapsody On A Theme Of Paganini.mp3
Dec 23 09:04 : update: added Maksim Mrvica/2003 - The Piano Player/08 - Hana's Eyes.mp3
Dec 23 09:04 : update: added Maksim Mrvica/2003 - The Piano Player/09 - Chopin's Revolutionary Etude In C Minor.mp3
Dec 23 09:04 : update: added Maksim Mrvica/2003 - The Piano Player/10 - Cubana.mp3
Dec 23 09:04 : update: added Maksim Mrvica/2003 - The Piano Player/11 - Croatian Rhapsody.mp3
Dec 23 09:04 : update: added Maksim Mrvica/2003 - The Piano Player/12 - Dance Of The Baroness.mp3
Dec 23 09:04 : update: added Maksim Mrvica/2003 - The Piano Player/13 - Cubana Cubana (Bonus Track).mp3
Dec 23 09:04 : update: added Maksim Mrvica/2004 - Variations Part I & II/01 - Kolibre.mp3
Dec 23 09:04 : update: added Maksim Mrvica/2004 - Variations Part I & II/02 - Piano Concerto No.1 Nn B Flat Minor, 3rd Movement.mp3
Dec 23 09:04 : update: added Maksim Mrvica/2004 - Variations Part I & II/03 - Merry Christmas Mr. Lawrence.mp3
Dec 23 09:04 : update: added Maksim Mrvica/2004 - Variations Part I & II/04 - Totentanz.mp3
Dec 23 09:04 : update: added Maksim Mrvica/2004 - Variations Part I & II/05 - Olympic Dream.mp3
Dec 23 09:04 : update: added Maksim Mrvica/2004 - Variations Part I & II/06 - Amazonic.mp3
Dec 23 09:04 : update: added Maksim Mrvica/2004 - Variations Part I & II/07 - 'Leeloos' Tune.mp3
Dec 23 09:04 : update: added Maksim Mrvica/2004 - Variations Part I & II/08 - Procession Of The Sardar.mp3
Dec 23 09:04 : update: added Maksim Mrvica/2004 - Variations Part I & II/09 - Bohemian Rhapsody.mp3
Dec 23 09:04 : update: added Maksim Mrvica/2004 - Variations Part I & II/10 - Pictures At An Exhibition.mp3
Dec 23 09:04 : update: added Maksim Mrvica/2004 - Variations Part I & II/11 - Etude In D Sharp Minor, 'Patetico'.mp3
Dec 23 09:04 : update: added Maksim Mrvica/2004 - Variations Part I & II/12 - Nocturne In E Flat Major.mp3
Dec 23 09:04 : update: added Maksim Mrvica/2004 - Variations Part I & II/13 - Aria From Goldberg Variations.mp3
Dec 23 09:04 : update: added Maksim Mrvica/2004 - Variations Part I & II/14 - Pagrag.mp3
Dec 23 09:04 : update: added Maksim Mrvica/2005 - A New World/01 - New World Concerto.mp3
Dec 23 09:04 : update: added Maksim Mrvica/2005 - A New World/02 - Nostradamus.mp3
Dec 23 09:04 : update: added Maksim Mrvica/2005 - A New World/03 - Dido's Lament.mp3
Dec 23 09:04 : update: added Maksim Mrvica/2005 - A New World/04 - Tosca.mp3
Dec 23 09:04 : update: added Maksim Mrvica/2005 - A New World/05 - Desert Skies.mp3
Dec 23 09:04 : update: added Maksim Mrvica/2005 - A New World/06 - Intermezzo.mp3
Dec 23 09:04 : update: added Maksim Mrvica/2005 - A New World/07 - Somewhere In Time, The Old Woman.mp3
Dec 23 09:04 : update: added Maksim Mrvica/2005 - A New World/08 - Ride Of The Valkyries.mp3
Dec 23 09:04 : update: added Maksim Mrvica/2005 - A New World/09 - Still Waters.mp3
Dec 23 09:04 : update: added Maksim Mrvica/2005 - A New World/10 - Blue Balloon.mp3
Dec 23 09:04 : update: added Maksim Mrvica/2005 - A New World/11 - Mojito.mp3
Dec 23 09:04 : update: added Maksim Mrvica/2005 - A New World/12 - The Flower Duet.mp3
Dec 23 09:04 : update: added Maksim Mrvica/2005 - A New World/13 - Deborah's Theme.mp3
Dec 23 09:04 : update: added Maksim Mrvica/2005 - A New World/14 - Kolibre (Backing Track).mp3
Dec 23 09:04 : update: added Maksim Mrvica/2005 - A New World/15 - Claudine (Backing Track).mp3
Dec 23 09:04 : update: added Maksim Mrvica/2005 - A New World/16 - Nostradamus (Backing Track).mp3
Dec 23 09:04 : update: added Maksim Mrvica/2006 - Electrik/01 - The Gypsy Maid.mp3
Dec 23 09:04 : update: added Maksim Mrvica/2006 - Electrik/02 - Requiem.mp3
Dec 23 09:04 : update: added Maksim Mrvica/2006 - Electrik/03 - Child in Paradise.mp3
Dec 23 09:04 : update: added Maksim Mrvica/2006 - Electrik/04 - Anthem.mp3
Dec 23 09:04 : update: added Maksim Mrvica/2006 - Electrik/05 - Hall of the Mountain King.mp3
Dec 23 09:04 : update: added Maksim Mrvica/2006 - Electrik/06 - Nathrach.mp3
Dec 23 09:04 : update: added Maksim Mrvica/2006 - Electrik/07 - Beyond Rangoon, Waters of Irrawaddy.mp3
Dec 23 09:04 : update: added Maksim Mrvica/2006 - Electrik/08 - March of the Icons.mp3
Dec 23 09:04 : update: added Maksim Mrvica/2006 - Electrik/09 - Tango in Ebony.mp3
Dec 23 09:04 : update: added Maksim Mrvica/2006 - Electrik/10 - Carmen Entr'acte.mp3
Dec 23 09:04 : update: added Maksim Mrvica/2006 - Electrik/11 - Prelude in C.mp3
Dec 23 09:04 : update: added Maksim Mrvica/2006 - Electrik/12 - In Paradisum.mp3
Dec 23 09:04 : update: added Maksim Mrvica/2006 - Electrik/13 - The Way Old Friends Do.mp3
Dec 23 09:04 : update: added Maksim Mrvica/2006 - Electrik/Bonus Disc/01 - The Gypsy Maid (Club Remix).mp3
Dec 23 09:04 : update: added Maksim Mrvica/2006 - Electrik/Bonus Disc/02 - Prelude in C (Club Remix).mp3
Dec 23 09:04 : update: added Maksim Mrvica/2006 - Electrik/Bonus Disc/03 - Requiem (Breaks Remix).mp3
Dec 23 09:04 : update: added Maksim Mrvica/2006 - Electrik/Bonus Disc/04 - Child in Paradise (Co-Fusion Mix).mp3
Dec 23 09:04 : update: added Maksim Mrvica/2008 - Pure II/01 - Victory.mp3
Dec 23 09:04 : update: added Maksim Mrvica/2008 - Pure II/02 - Six Bagatelles 1 (Grave - Prestissimo).mp3
Dec 23 09:04 : update: added Maksim Mrvica/2008 - Pure II/03 - Six Bagatelles 2 (Quasi Burlesca).mp3
Dec 23 09:04 : update: added Maksim Mrvica/2008 - Pure II/04 - Six Bagatelles 3 (Presto Brilliante).mp3
Dec 23 09:04 : update: added Maksim Mrvica/2008 - Pure II/05 - Six Bagatelles 4 (Presto Ritmico).mp3
Dec 23 09:04 : update: added Maksim Mrvica/2008 - Pure II/06 - Six Bagatelles 5 (Largo).mp3
Dec 23 09:04 : update: added Maksim Mrvica/2008 - Pure II/07 - Six Bagatelles 6 (Allegro Vivo).mp3
Dec 23 09:04 : update: added Maksim Mrvica/2008 - Pure II/08 - Alexander The Great.mp3
Dec 23 09:04 : update: added Maksim Mrvica/2008 - Pure II/09 - Passionata.mp3
Dec 23 09:04 : update: added Maksim Mrvica/2008 - Pure II/10 - Yellow River.mp3
Dec 23 09:04 : update: added Maksim Mrvica/2008 - Pure II/11 - A Play Of Glass Beads.mp3
Dec 23 09:04 : update: added Maksim Mrvica/2008 - Pure II/12 - Poseidon's Tale.mp3
Dec 23 09:04 : update: added Maksim Mrvica/2008 - Pure II/13 - Budapest Cafe.mp3
Dec 23 09:04 : update: added Maksim Mrvica/2008 - Pure II/14 - Ballade No. 2 In B Minor.mp3
Dec 23 09:04 : update: added Maksim Mrvica/2008 - Pure II/15 - Victory (Remix Version) (Bonus Track).mp3
Dec 23 09:04 : update: added Maksim Mrvica/2009 - Greatest Maksim/01 - Wonderland.mp3
Dec 23 09:04 : update: added Maksim Mrvica/2009 - Greatest Maksim/02 - Kolibre.mp3
Dec 23 09:04 : update: added Maksim Mrvica/2009 - Greatest Maksim/03 - Cubana.mp3
Dec 23 09:04 : update: added Maksim Mrvica/2009 - Greatest Maksim/04 - The Gypsy Maid (from Il Trovatore).mp3
Dec 23 09:04 : update: added Maksim Mrvica/2009 - Greatest Maksim/05 - Requiem.mp3
Dec 23 09:04 : update: added Maksim Mrvica/2009 - Greatest Maksim/06 - New World Concerto.mp3
Dec 23 09:04 : update: added Maksim Mrvica/2009 - Greatest Maksim/07 - Exodus.mp3
Dec 23 09:04 : update: added Maksim Mrvica/2009 - Greatest Maksim/08 - Bohemian Rhapsody.mp3
Dec 23 09:04 : update: added Maksim Mrvica/2009 - Greatest Maksim/09 - Claudine.mp3
Dec 23 09:04 : update: added Maksim Mrvica/2009 - Greatest Maksim/10 - Intermezzo (from Cavelleria Rusticana).mp3
Dec 23 09:04 : update: added Maksim Mrvica/2009 - Greatest Maksim/11 - Sarabande.mp3
Dec 23 09:04 : update: added Maksim Mrvica/2009 - Greatest Maksim/12 - Totentanz.mp3
Dec 23 09:04 : update: added Maksim Mrvica/2009 - Greatest Maksim/13 - Merry Christmas Mr. Lawrence.mp3
Dec 23 09:04 : update: added Maksim Mrvica/2009 - Greatest Maksim/14 - Dido's Lament (from Dido and Aeneas).mp3
Dec 23 09:04 : update: added Maksim Mrvica/2009 - Greatest Maksim/15 - Nostradamus.mp3
Dec 23 09:04 : update: added Maksim Mrvica/2009 - Greatest Maksim/16 - Amazonic.mp3
Dec 23 09:04 : update: added Maksim Mrvica/2009 - Greatest Maksim/17 - Croatian Rhapsody.mp3
Dec 23 09:04 : update: added Maksim Mrvica/2009 - Greatest Maksim/18 - The Flight of Bumble-Bee.mp3
Dec 23 09:04 : update: added Maksim Mrvica/2010 - Appassionata/01 - Carnival.mp3
Dec 23 09:04 : update: added Maksim Mrvica/2010 - Appassionata/02 - Habanera.mp3
Dec 23 09:04 : update: added Maksim Mrvica/2010 - Appassionata/03 - Tramuntana.mp3
Dec 23 09:04 : update: added Maksim Mrvica/2010 - Appassionata/04 - The Swan.mp3
Dec 23 09:04 : update: added Maksim Mrvica/2010 - Appassionata/05 - Serengeti Plains.mp3
Dec 23 09:04 : update: added Maksim Mrvica/2010 - Appassionata/06 - Aquarium.mp3
Dec 23 09:04 : update: added Maksim Mrvica/2010 - Appassionata/07 - Dumka.mp3
Dec 23 09:04 : update: added Maksim Mrvica/2010 - Appassionata/08 - Appassionata.mp3
Dec 23 09:04 : update: added Maksim Mrvica/2010 - Appassionata/09 - Varadero.mp3
Dec 23 09:04 : update: added Maksim Mrvica/2010 - Appassionata/10 - Brahms Sonata Maestosa.mp3
Dec 23 09:04 : update: added Maksim Mrvica/2010 - Appassionata/11 - Ana's Dream.mp3
Dec 23 09:04 : update: added Maksim Mrvica/2014 - Mezzo E Mezzo/Huljic- Fiesta_(song365.cc).mp3
Dec 23 09:04 : update: added Maksim Mrvica/2014 - Mezzo E Mezzo/Huljic- Lyra_(song365.cc).mp3
Dec 23 09:04 : update: added Maksim Mrvica/2014 - Mezzo E Mezzo/Huljic- Midnight Menuette_(song365.cc).mp3
Dec 23 09:04 : update: added Maksim Mrvica/2014 - Mezzo E Mezzo/Khachaturian- Sabre Dance_(song365.cc).mp3
Dec 23 09:04 : update: added Maksim Mrvica/2014 - Mezzo E Mezzo/Maksim Mrvica - Mussorgsky- Pictures At An Exhibition - Interlude 2, Promenade Theme_(song365.cc).mp3
Dec 23 09:04 : update: added Maksim Mrvica/2014 - Mezzo E Mezzo/Maksim Mrvica - Mussorgsky- Pictures At An Exhibition - No. 3 -Tuileries-_(song365.cc).mp3
Dec 23 09:04 : update: added Maksim Mrvica/2014 - Mezzo E Mezzo/Maksim Mrvica - Mussorgsky- Pictures At An Exhibition - No. 4 -Bydlo-_(song365.cc).mp3
Dec 23 09:04 : update: added Maksim Mrvica/2014 - Mezzo E Mezzo/Mussorgsky- After Mussorgsky_(song365.cc).mp3
Dec 23 09:04 : update: added Maksim Mrvica/2014 - Mezzo E Mezzo/Mussorgsky- Pictures At An Exhibition - Interlude 1, Promenade Theme_(song365.cc).mp3
Dec 23 09:04 : update: added Maksim Mrvica/2014 - Mezzo E Mezzo/Mussorgsky- Pictures At An Exhibition - No. 1 -The Gnome-_(song365.cc).mp3
Dec 23 09:04 : update: added Maksim Mrvica/2014 - Mezzo E Mezzo/Mussorgsky- Pictures At An Exhibition - No. 2 -The Old Castle-_(song365.cc).mp3
Dec 23 09:04 : update: added Maksim Mrvica/2014 - Mezzo E Mezzo/Mussorgsky- Pictures At An Exhibition - Promenade_(song365.cc).mp3
Dec 23 09:04 : update: added Maksim Mrvica/2014 - Mezzo E Mezzo/Satie- Gymnopedie No.1_(song365.cc).mp3
Dec 23 09:04 : update: added Maksim Mrvica/2014 - Mezzo E Mezzo/Shakhidi- Ballet Moderne_(song365.cc).mp3
Dec 23 09:04 : update: added /Mark Ronson - Uptown Funk ft. Bruno Mars.mp3
Dec 23 09:04 : update: added /Maroon 5 - Animals.mp3
Dec 23 09:04 : update: added /Maroon_5_-_Daylight.mp3
Dec 23 09:04 : update: added /Maroon_5_-_Love_Somebody.mp3
Dec 23 09:04 : update: added /Maroon_5_-_One_More_Night.mp3
Dec 23 09:04 : update: added /Maroon_5_-_Payphone_(Explicit)_ft._Wiz_Khalifa.mp3
Dec 23 09:04 : update: added /Martin_Garrix_-_Animals_(Official_Video).mp3
Dec 23 09:04 : update: added /McFly_-_Love_Is_Easy.mp3
Dec 23 09:04 : update: added /McFly_-_Love_Is_On_The_Radio.mp3
Dec 23 09:04 : update: added /Meghan Trainor - All About That Bass.mp3
Dec 23 09:04 : update: added /Michael_Jackson,_Justin_Timberlake_-_Love_Never_Felt_So_Good.mp3
Dec 23 09:04 : update: added /Miley_Cyrus_-_We_Can't_Stop.mp3
Dec 23 09:04 : update: added /Miley_Cyrus_-_Wrecking_Ball.mp3
Dec 23 09:04 : update: added /Naughty_Boy_-_La_La_La_ft._Sam_Smith.mp3
Dec 23 09:04 : update: added /Ne-Yo_-_Let_Me_Love_You_(Until_You_Learn_To_Love_Yourself).mp3
Dec 23 09:04 : update: added /Neon_Trees_-_Everybody_Talks.mp3
Dec 23 09:04 : update: added /Nico___Vinz_-_Am_I_Wrong_[Official_Music_Video].mp3
Dec 23 09:04 : update: added /No_Doubt_-_Don't_Speak.mp3
Dec 23 09:04 : update: added /Nyan Cat.mp3
Dec 23 09:04 : update: added /OneRepublic_-_Counting_Stars.mp3
Dec 23 09:04 : update: added /OneRepublic_-_Something_I_Need.mp3
Dec 23 09:04 : update: added /One_Direction_-_Best_Song_Ever.mp3
Dec 23 09:04 : update: added /One_Direction_-_Live_While_We're_Young.mp3
Dec 23 09:04 : update: added /One_Direction_-_One_Way_Or_Another_(Teenage_Kicks).mp3
Dec 23 09:04 : update: added /One_Direction_-_Story_of_My_Life.mp3
Dec 23 09:04 : update: added /One_Direction_-_What_Makes_You_Beautiful.mp3
Dec 23 09:04 : update: added /P!nk_-_Blow_Me_(One_Last_Kiss).mp3
Dec 23 09:04 : update: added /P!nk_-_Just_Give_Me_A_Reason_ft._Nate_Ruess.mp3
Dec 23 09:04 : update: added /P!nk_-_Try.mp3
Dec 23 09:04 : update: added /Paramore_That's_What_You_Get_[OFFICIAL_VIDEO].mp3
Dec 23 09:04 : update: added /Passenger_-_Let_Her_Go_[Official_Video].mp3
Dec 23 09:04 : update: added /Pharrell_Williams_-_Happy_(Official_Music_Video).mp3
Dec 23 09:04 : update: added /Phillip_Phillips_-_Gone,_Gone,_Gone.mp3
Dec 23 09:04 : update: added /Phillip_Phillips_-_Home.mp3
Dec 23 09:04 : update: added /Pitbull_-_Feel_This_Moment_ft._Christina_Aguilera.mp3
Dec 23 09:04 : update: added /Pitbull_-_Time_Of_Our_Lives_Ft._Ne_yo.mp3
Dec 23 09:04 : update: added /Pitbull_feat._Ke$ha_-_Timber_(Lyric_Video).mp3
Dec 23 09:04 : update: added /PSY_-_GANGNAM_STYLE_(강남스타일)_M_V.mp3
Dec 23 09:04 : update: added /PSY_-_GENTLEMAN_M_V.mp3
Dec 23 09:04 : update: added /R._Kelly_-_I_Believe_I_Can_Fly.mp3
Dec 23 09:04 : update: added /Radioactive_-_Lindsey_Stirling_and_Pentatonix_(Imagine_Dragons_Cover).mp3
Dec 23 09:04 : update: added /Red_Hot_Chili_Peppers_-_Californication_[Official_Music_Video].mp3
Dec 23 09:04 : update: added /Richard_Clayderman_-_Ballade_pour_Adeline.mp3
Dec 23 09:04 : update: added /Richard_Clayderman_-_Children_of_the_Wind.mp3
Dec 23 09:04 : update: added /Rihanna - Only Girl (In The World).mp3
Dec 23 09:04 : update: added /Rihanna_-_Diamonds.mp3
Dec 23 09:04 : update: added /Rihanna_-_Stay_ft._Mikky_Ekko.mp3
Dec 23 09:04 : update: added /Rihanna_-_Umbrella_(Orange_Version)_ft._JAY-Z.mp3
Dec 23 09:04 : update: added /Rihanna_-_We_Found_Love_ft._Calvin_Harris.mp3
Dec 23 09:04 : update: added /Rihanna_-_What_Now_(Official).mp3
Dec 23 09:04 : update: added /Rihanna_-_Where_Have_You_Been.mp3
Dec 23 09:04 : update: added /Robin_Thicke_-_Blurred_Lines_ft._T.I.,_Pharrell.mp3
Dec 23 09:04 : update: added /Rocky Balboa - Gonna Fly Now - Music Video (Song by Bill Conti, John X Remix).mp3
Dec 23 09:04 : update: added /Rudimental - Waiting All Night feat. Ella Eyre (Official Video).mp3
Dec 23 09:04 : update: added /Safe___Sound_feat._The_Civil_Wars_(The_Hunger_Games_Songs_From_District_12_And_Beyond).mp3
Dec 23 09:04 : update: added /Sam_Smith_-_Stay_With_Me.mp3
Dec 23 09:04 : update: added /Savage Garden - Affirmation.mp3
Dec 23 09:04 : update: added /Savage_Garden_-_Truly_Madly_Deeply.mp3
Dec 23 09:04 : update: added /SAYKOJI_-_JALAN_PANJANG.mp3
Dec 23 09:04 : update: added /Selena_Gomez_-_Come___Get_It_(Official_Video).mp3
Dec 23 09:04 : update: added /SEREBRO - Mi Mi Mi (Official Video).mp3
Dec 23 09:04 : update: added /Shanghaitan-hokkien.mp3
Dec 23 09:04 : update: added /Shao_Rong___Richard_Clayderman_-_The_Child_In_The_Silent_Mornings_1999.mp3
Dec 23 09:04 : update: added /Shi_Shang_Zhi_You_Mama_Hao.mp3
Dec 23 09:04 : update: added /Sia - Chandelier (Official Video).mp3
Dec 23 09:04 : update: added /Snoop_Dogg___Wiz_Khalifa_-_Young,_Wild_and_Free_ft._Bruno_Mars_[Official_Video].mp3
Dec 23 09:04 : update: added /Somebody_That_I_Used_to_Know_-_Walk_off_the_Earth_(Gotye_-_Cover).mp3
Dec 23 09:04 : update: added /Survivor - Eye Of The Tiger.mp3
Dec 23 09:04 : update: added /Swedish_House_Mafia_-_Don't_You_Worry_Child_ft._John_Martin.mp3
Dec 23 09:04 : update: added /David_Guetta_-_Just_One_Last_Time_ft._Taped_Rai_(Official_Video).mp3
Dec 23 09:04 : update: added /David_Guetta_-_She_Wolf_(Falling_To_Pieces)_ft._Sia_(Official_Video).mp3
Dec 23 09:04 : update: added /David_Guetta_-_Titanium_ft._Sia_(Official_Video).mp3
Dec 23 09:04 : update: added /Deemo_Movie.mp3
Dec 23 09:04 : update: added /Demi_Lovato_-_Heart_Attack.mp3
Dec 23 09:04 : update: added /Disclosure - White Noise ft. AlunaGeorge (Official Video).mp3
Dec 23 09:04 : update: added /Disney's_Frozen_-_Let_It_Go_Multi-Language_Full_Sequence.mp3
Dec 23 09:04 : update: added /Disney's_Frozen_Let_It_Go_Sequence_Performed_by_Idina_Menzel.mp3
Dec 23 09:04 : update: added /DJ_Snake___Lil_Jon_-_Turn_Down_for_What.mp3
Dec 23 09:04 : update: added /Do_You_Want_to_Build_a_Snowman_Kristen_Bell_(ft._Agatha_Lee_Monn___Katie_Lopez)_AJMV.mp3
Dec 23 09:04 : update: added /Drake - Hold On, We're Going Home ft. Majid Jordan.mp3
Dec 23 09:04 : update: added /Drake_-_Started_From_The_Bottom_(Explicit).mp3
Dec 23 09:04 : update: added /Drake_ft._RIhanna_-_Take_care_HQ_(with_lyrics).mp3
Dec 23 09:04 : update: added /Duke Dumont feat. A_M_E - Need U (100%) (Official Video) (Ministry of Sound TV).mp3
Dec 23 09:04 : update: added /Ed_Sheeran_-_I_See_Fire_(Music_Video).mp3
Dec 23 09:04 : update: added /Eiffel_65_-_Blue_(Da_Ba_Dee)_(Original_Video_with_subtitles).mp3
Dec 23 09:04 : update: added /Eiffel_65_-_Blue_Da_Ba_Dee_Remix.mp3
Dec 23 09:04 : update: added /Ella Henderson - Ghost.mp3
Dec 23 09:04 : update: added /Ellie_Goulding_-_Burn.mp3
Dec 23 09:04 : update: added /Ellie_Goulding_-_Lights.mp3
Dec 23 09:04 : update: added /Emilia_-_Big_Big_World.mp3
Dec 23 09:04 : update: added /Eminem_-_Berzerk_(Official)_(Explicit).mp3
Dec 23 09:04 : update: added /Eminem_-_Cleanin'_Out_My_Closet.mp3
Dec 23 09:04 : update: added /Eminem_-_Lose_Yourself_(Clean_Version)_(Official).mp3
Dec 23 09:04 : update: added /Eminem_-_Rap_God_(Audio).mp3
Dec 23 09:04 : update: added /Eminem_-_Stan_(Long_Version)_ft._Dido.mp3
Dec 23 09:04 : update: added /Eminem_-_The_Monster_(Audio)_ft._Rihanna.mp3
Dec 23 09:04 : update: added /Eminem_-_Without_Me.mp3
Dec 23 09:04 : update: added /Evanescence_-_Bring_Me_To_Life.mp3
Dec 23 09:04 : update: added /Fall Out Boy - American Beauty-American Psycho.mp3
Dec 23 09:04 : update: added /Fall Out Boy - Immortals (From Big Hero 6).mp3
Dec 23 09:04 : update: added /Fall_Out_Boy_-_My_Songs_Know_What_You_Did_In_The_Dark_(Light_Em_Up)_-_Part_1_of_11.mp3
Dec 23 09:04 : update: added /Florida_Georgia_Line_-_Cruise.mp3
Dec 23 09:04 : update: added /Florida_Georgia_Line_-_Cruise_(Remix)_ft._Nelly.mp3
Dec 23 09:04 : update: added /Flo_Rida_-_Good_Feeling_[Official_Video].mp3
Dec 23 09:04 : update: added /Flo_Rida_-_I_Cry_[Official_Video].mp3
Dec 23 09:04 : update: added /Flo_Rida_-_Whistle_[Official_Video].mp3
Dec 23 09:04 : update: added /Flo_Rida_-_Wild_Ones_ft._Sia_[Official_Video].mp3
Dec 23 09:04 : update: added /Fool's_Garden_-_Lemon_Tree.mp3
Dec 23 09:04 : update: added /For_The_First_Time_in_Forever.mp3
Dec 23 09:04 : update: added /Fun._Some_Nights_[OFFICIAL_VIDEO].mp3
Dec 23 09:04 : update: added /Fun._We_Are_Young_ft._Janelle_Monáe_[OFFICIAL_VIDEO].mp3
Dec 23 09:04 : update: added /Für Elise (Piano version).mp3
Dec 23 09:04 : update: added /Groove_Coverage_-_God_Is_A_Girl.mp3
Dec 23 09:04 : update: added /Gwen Stefani - Baby Don't Lie.mp3
Dec 23 09:04 : update: added /Home Soundtrack #01 Rihanna - Towards The Sun.mp3
Dec 23 09:04 : update: added /Home Soundtrack #02 Coffee - Run To Me.mp3
Dec 23 09:04 : update: added /Home Soundtrack #03 Kiesza - Cannonball.mp3
Dec 23 09:04 : update: added /Home Soundtrack #04 Rihanna - As Real As You and Me.mp3
Dec 23 09:04 : update: added /Home Soundtrack #05 Charli XCX - Red Balloon.mp3
Dec 23 09:04 : update: added /Home Soundtrack #06 Rihanna - Dancing In the Dark.mp3
Dec 23 09:04 : update: added /Home Soundtrack #07 Jacob Plant  - Drop That.mp3
Dec 23 09:04 : update: added /Home Soundtrack #08 Jennifer Lopez - Feel the Light.mp3
Dec 23 09:04 : update: added /Home Soundtrack #09 Balkan Beat Box feat. Stargate - Slushious.mp3
Dec 23 09:04 : update: added /Icona_Pop_-_I_Love_It_(feat._Charli_XCX)_[OFFICIAL_VIDEO].mp3
Dec 23 09:04 : update: added /Iggy Azalea - Black Widow ft. Rita Ora.mp3
Dec 23 09:04 : update: added /Iggy_Azalea_-_Fancy_(Explicit)_ft._Charli_XCX.mp3
Dec 23 09:04 : update: added /Imagine_Dragons_-_Demons_(Official).mp3
Dec 23 09:04 : update: added /Imagine_Dragons_-_Radioactive.mp3
Dec 23 09:04 : update: added /Jason Derulo - The Other Side.mp3
Dec 23 09:04 : update: added /Jason_Derulo_-_Talk_Dirty_feat._2_Chainz_(Official_HD_Music_Video).mp3
Dec 23 09:04 : update: added /Jason_Derulo_-_Wiggle_feat._Snoop_Dogg_(Official_HD_Music_Video).mp3
Dec 23 09:04 : update: added /Jason_Mraz_-_I_Won't_Give_Up_(Lyric_Video).mp3
Dec 23 09:04 : update: added /JAY_Z_Holy_Grail_featuring_Justin_Timberlake.mp3
Dec 23 09:04 : update: added /Jessie J - Laserlight ft. David Guetta.mp3
Dec 23 09:04 : update: added /Jessie J Ariana Grande Nicki Minaj - Bang Bang ft. Ariana Grande Nicki Minaj.mp3
Dec 23 09:04 : update: added /John Newman - Love Me Again.mp3
Dec 23 09:04 : update: added /John_Legend_-_All_of_Me.mp3
Dec 23 09:04 : update: added /John_Legend_-_Save_Room.mp3
Dec 23 09:04 : update: added /Justin_Bieber_-_As_Long_As_You_Love_Me_ft._Big_Sean.mp3
Dec 23 09:04 : update: added /Justin_Bieber_-_Beauty_And_A_Beat_ft._Nicki_Minaj.mp3
Dec 23 09:04 : update: added /Justin_Nozuka_After_Tonight.mp3
Dec 23 09:04 : update: added /Justin_Nozuka_Mr._Therapy_Man.mp3
Dec 23 09:04 : update: added /Justin_Timberlake_-_Mirrors.mp3
Dec 23 09:04 : update: added /Justin_Timberlake_-_Not_a_Bad_Thing_(Audio).mp3
Dec 23 09:04 : update: added /Justin_Timberlake_-_Suit___Tie_(Lyric_Video)_ft._JAY_Z.mp3
Dec 23 09:04 : update: added /Justin_Timberlake_-_TKO.mp3
Dec 23 09:04 : update: added /Katy_Perry_-_Dark_Horse_(Audio)_ft._Juicy_J.mp3
Dec 23 09:04 : update: added /Katy_Perry_-_Part_Of_Me.mp3
Dec 23 09:04 : update: added /Katy_Perry_-_Roar_(Official).mp3
Dec 23 09:04 : update: added /Katy_Perry_-_Wide_Awake.mp3
Dec 23 09:04 : update: added /Ke$ha_-_Die_Young_(Lyric_Video).mp3
Dec 23 09:04 : update: added /Kelly_Clarkson_-_Stronger_(What_Doesn't_Kill_You).mp3
Dec 23 09:04 : update: added /Kokia_-_I_catch_a_cold_[Español].mp3
Dec 23 09:04 : update: added /Labrinth_feat._Emeli_Sandé_-_Beneath_Your_Beautiful.mp3
Dec 23 09:04 : update: added /Lady_Antebellum_-_Just_A_Kiss.mp3
Dec 23 09:04 : update: added /Lady_Antebellum_-_Our_Kind_Of_Love.mp3
Dec 23 09:04 : update: added /Lady_Gaga_-_Applause_(Official).mp3
Dec 23 09:04 : update: added /Lady_Gaga_-_Dope_(Explicit)_(VEVO_Presents).mp3
Dec 23 09:04 : update: added /Lana_Del_Rey_-_Summertime_Sadness.mp3
Dec 23 09:04 : update: added /Las_Ketchup_-_The_Ketchup_Song_(Asereje)_(Spanish_Version)_(Official_Video).mp3
Dec 23 09:04 : update: added /Lil_Wayne_-_Love_Me_(Explicit)_ft._Drake,_Future.mp3
Dec 23 09:04 : update: added /Linkin_Park_-_Breaking_the_Habit.mp3
Dec 23 09:04 : update: added /50_Cent_-_In_Da_Club_(Int'l_Version).mp3
Dec 23 09:04 : update: added /A$AP_ROCKY_-_Fkin'_Problems_ft._Drake,_2_Chainz,_Kendrick_Lamar.mp3
Dec 23 09:04 : update: added /Adele_-_Set_Fire_To_The_Rain_(Live_at_The_Royal_Albert_Hall).mp3
Dec 23 09:04 : update: added /Alex_Clare_-_Too_Close_(OFFICIAL_VIDEO).mp3
Dec 23 09:04 : update: added /Alicia_Keys_-_Girl_on_Fire.mp3
Dec 23 09:04 : update: added /Alicia_Keys_-_It's_On_Again_(from_The_Amazing_Spider-Man_2)_ft._Kendrick_Lamar.mp3
Dec 23 09:04 : update: added /Aloe_Blacc_-_The_Man_(Official_Lyric_Video).mp3
Dec 23 09:04 : update: added /Andy Lau - Pen Siau Hai.mp3
Dec 23 09:04 : update: added /Anna_Kendrick_-_Cups_(Pitch_Perfect's_When_I'm_Gone).mp3
Dec 23 09:04 : update: added /Aqua_-_Barbie_Girl.mp3
Dec 23 09:04 : update: added /Ariana Grande - Break Free ft. Zedd.mp3
Dec 23 09:04 : update: added /Ariana_Grande_-_One_Last_Time.mp3
Dec 23 09:04 : update: added /Ariana_Grande_-_The_Way_ft._Mac_Miller.mp3
Dec 23 09:04 : update: added /Ariana_Grande_Problem_-_RDMAs_2014_Performance.mp3
Dec 23 09:04 : update: added /Avicii vs Nicky Romero - I Could Be The One (Nicktim).mp3
Dec 23 09:04 : update: added /Avicii_-_Hey_Brother.mp3
Dec 23 09:04 : update: added /Avicii_-_Wake_Me_Up_(Official_Video).mp3
Dec 23 09:04 : update: added /Avril_Lavigne_-_Let_Me_Go_ft._Chad_Kroeger.mp3
Dec 23 09:04 : update: added /A_Great_Big_World___Christina_Aguilera_-_Say_Something.mp3
Dec 23 09:04 : update: added /Baauer_-_Harlem_Shake_[Official_Audio].mp3
Dec 23 09:04 : update: added /Baha_Men_-_Who_Let_The_Dogs_Out_(Original_version)___Full_HD___1080p.mp3
Dec 23 09:04 : update: added /Basshunter_-_All_I_Ever_Wanted_(OFFICIAL_VIDEO)_(Ultra_Music).mp3
Dec 23 09:04 : update: added /Basshunter_-_Boten_Anna_(HQ).mp3
Dec 23 09:04 : update: added /BassHunter_-_Crazy_Frog_-_Everyone_(OFFICIAL_VIDEO).mp3
Dec 23 09:04 : update: added /Basshunter_-_DotA_(HQ).mp3
Dec 23 09:04 : update: added /Basshunter_-_Now_You're_Gone_(Ultra_Music).mp3
Dec 23 09:04 : update: added /Bastille_-_Pompeii.mp3
Dec 23 09:04 : update: added /Beyoncé_-_Drunk_in_Love_(Explicit)_ft._JAY_Z.mp3
Dec 23 09:04 : update: added /Bingo Players ft. Far East Movement - Get Up (Rattle) (Official Video) (Ministry of Sound TV).mp3
Dec 23 09:04 : update: added /Birdy_-_Wings_(Official_Video).mp3
Dec 23 09:04 : update: added /Björk - Army Of Me.mp3
Dec 23 09:04 : update: added /Björk_-_Bachelorette_(Official_HD_Music_Video).mp3
Dec 23 09:04 : update: added /Björk_-_It's_Oh_So_Quiet_(Official_Music_Video).mp3
Dec 23 09:04 : update: added /Bruno_Mars_-_Locked_Out_Of_Heaven_[OFFICIAL_VIDEO].mp3
Dec 23 09:04 : update: added /Bruno_Mars_-_Treasure_[Official_Music_Video].mp3
Dec 23 09:04 : update: added /Bruno_Mars_-_When_I_Was_Your_Man_[Official_Video].mp3
Dec 23 09:04 : update: added /Calvin Harris - Outside ft. Ellie Goulding.mp3
Dec 23 09:04 : update: added /Calvin_Harris_-_Feel_so_Close.mp3
Dec 23 09:04 : update: added /Calvin_Harris_-_I_Need_Your_Love_ft._Ellie_Goulding.mp3
Dec 23 09:04 : update: added /Calvin_Harris_-_Summer.mp3
Dec 23 09:04 : update: added /Calvin_Harris_-_Sweet_Nothing_ft._Florence_Welch.mp3
Dec 23 09:04 : update: added /Capital_Cities_-_Safe_And_Sound_(Official_Video).mp3
Dec 23 09:04 : update: added /Carly_Rae_Jepsen_-_Call_Me_Maybe.mp3
Dec 23 09:04 : update: added /Carpenters - Close to you (Download Free) With Lyrics.mp3
Dec 23 09:04 : update: added /Carrie Underwood Something In The Water - Audio.mp3
Dec 23 09:04 : update: added /Cascada_-_Bad_Boy.mp3
Dec 23 09:04 : update: added /Cascada_-_Because_The_Night.mp3
Dec 23 09:04 : update: added /Cascada_-_Because_The_Night_(Clubland_Live).mp3
Dec 23 09:04 : update: added /Cascada_-_Blink_(Official_Video_HD).mp3
Dec 23 09:04 : update: added /Cascada_-_Can't_stop_the_rain.mp3
Dec 23 09:04 : update: added /Cascada_-_Evacuate_The_Dancefloor_(Official_Music_Video).mp3
Dec 23 09:04 : update: added /Cascada_-_Everytime_We_Touch.mp3
Dec 23 09:04 : update: added /Cascada_-_Last_Christmas.mp3
Dec 23 09:04 : update: added /Cascada_-_Miracle.mp3
Dec 23 09:04 : update: added /Cascada_-_Pyromania_(Official_Video).mp3
Dec 23 09:04 : update: added /Cascada_-_Ready_4_Love.mp3
Dec 23 09:04 : update: added /Cascada_-_Truly,_Madly,_Deeply.mp3
Dec 23 09:04 : update: added /Cascada_-_What_Do_You_Want_From_Me.mp3
Dec 23 09:04 : update: added /Cascada_-_What_Hurts_The_Most.mp3
Dec 23 09:04 : update: added /Cascada_feat._Tris_-_Madness_(Official_Video_HD).mp3
Dec 23 09:04 : update: added /Chris Malinchak - So Good To Me.mp3
Dec 23 09:04 : update: added /Christina_Perri_-_Human_[Official_Video].mp3
Dec 23 09:04 : update: added /Coldplay_-_Paradise.mp3
Dec 23 09:04 : update: added /Crazy Frog - 01-Axel F.mp3
Dec 23 09:04 : update: added /Crazy Frog - 02-In The House (knightrider).mp3
Dec 23 09:04 : update: added /Crazy Frog - 03-We are the Champions.mp3
Dec 23 09:04 : update: added /Crazy Frog - 04-The Final Countdown.mp3
Dec 23 09:04 : update: added /Crazy Frog - 05-Ice Ice Baby.mp3
Dec 23 09:04 : update: added /Crazy Frog - 06-Popcorn.mp3
Dec 23 09:04 : update: added /Crazy Frog - 07-Intro.mp3
Dec 23 09:04 : update: added /Crazy Frog - 08-I Will Survive.mp3
Dec 23 09:04 : update: added /Crazy Frog - 09-Im Too Sexy.mp3
Dec 23 09:04 : update: added /Crazy Frog - 10-Super Crazy Sounds.mp3
Dec 23 09:04 : update: added /Crazy Frog - 11-Kiss Him Goodbye.mp3
Dec 23 09:04 : update: added /Crazy Frog - 12-Copa Banana.mp3
Dec 23 09:04 : update: added /Crazy Frog - 13-I Like to Move It.mp3
Dec 23 09:04 : update: added /Crazy Frog - 14-Hey Baby.mp3
Dec 23 09:04 : update: added /Crazy Frog - 15-Pinocchio.mp3
Dec 23 09:04 : update: added /Crazy Frog - 16-Go Froggy Go.mp3
Dec 23 09:04 : update: added /Crazy Frog - 17-Magic Melody.mp3
Dec 23 09:04 : update: added /Crazy Frog - 18-Crazy Sounds.mp3
Dec 23 09:04 : update: added /Crazy Frog - 19-The Pink Panther.mp3
Dec 23 09:04 : update: added /Crazy Frog - 20-U Cant Touch This.mp3
Dec 23 09:04 : update: added /Crazy Frog - Cha Cha Slide.mp3
Dec 23 09:04 : update: added /Crazy Frog - Last Christmas.mp3
Dec 23 09:04 : update: added /Crazy_Frog_-_Axel_F.mp3
Dec 23 09:04 : update: added /Crazy_Frog_-_Daddy_DJ.mp3
Dec 23 09:04 : update: added /Crazy_Frog_-_Popcorn.mp3
Dec 23 09:04 : update: added /Crazy_Frog_-_Safety_Dance.mp3
Dec 23 09:04 : update: added /Crazy_Frog_-_We_Are_The_Champions_(Ding_a_Dang_Dong).mp3
Dec 23 09:04 : update: added /Daft_Punk_-_Get_Lucky_(Official_Audio).mp3
Dec 23 09:04 : update: added /Darius Rucker - Wagon Wheel.mp3
Dec 23 09:04 : update: added /David Guetta Ft. Nicki Minaj  Afrojack - Hey Mama Afrojack Remix.mp3
Dec 23 09:06 : client: [1] opened from [::1]:57562
Dec 23 09:07 : client: [1] closed
Dec 23 09:07 : client: [2] opened from [::1]:57568
Dec 23 09:07 : client: [2] closed
Dec 23 09:08 : player: played "Maksim Mrvica/2004 - Variations Part I & II/01 - Kolibre.mp3"
Dec 23 09:08 : client: [3] opened from [::1]:57570
Dec 23 09:13 : player: played "Maksim Mrvica/2004 - Variations Part I & II/14 - Pagrag.mp3"
Dec 23 09:13 : player: played "Maksim Mrvica/2004 - Variations Part I & II/14 - Pagrag.mp3"
Dec 23 09:18 : player: played "Maksim Mrvica/2004 - Variations Part I & II/14 - Pagrag.mp3"
Dec 23 09:25 : player: played "Maksim Mrvica/2004 - Variations Part I & II/12 - Nocturne In E Flat Major.mp3"
Dec 23 09:30 : player: played "Maksim Mrvica/2004 - Variations Part I & II/06 - Amazonic.mp3"
Dec 23 09:33 : output: Failed to open audio output
Dec 23 09:34 : client: [3] closed
Dec 23 09:34 : client: [4] opened from [::1]:58326
Dec 23 09:34 : player: played "Maksim Mrvica/2004 - Variations Part I & II/07 - 'Leeloos' Tune.mp3"
Dec 23 09:38 : player: played "Maksim Mrvica/2004 - Variations Part I & II/01 - Kolibre.mp3"
Dec 23 09:40 : client: [4] closed
Dec 23 09:40 : player: played "Maksim Mrvica/2004 - Variations Part I & II/14 - Pagrag.mp3"
Dec 23 11:53 : config: option 'path' on line 10 was not recognized
Dec 23 11:53 : client: [0] opened from [::1]:59010
Dec 23 11:53 : client: [0] closed
Dec 23 11:53 : player: played "Maksim Mrvica/2004 - Variations Part I & II/14 - Pagrag.mp3"
Dec 23 11:55 : config: option 'path' on line 10 was not recognized
Dec 23 11:55 : player: played "Maksim Mrvica/2004 - Variations Part I & II/14 - Pagrag.mp3"
Dec 23 13:46 : config: option 'path' on line 10 was not recognized
Dec 23 13:48 : player: played "Maksim Mrvica/2004 - Variations Part I & II/14 - Pagrag.mp3"
Dec 23 14:04 : config: option 'path' on line 10 was not recognized
Dec 23 14:04 : client: [0] opened from [::1]:43082
Dec 23 14:04 : player: played "Maksim Mrvica/2004 - Variations Part I & II/14 - Pagrag.mp3"
Dec 23 14:08 : player: played "Maksim Mrvica/2004 - Variations Part I & II/02 - Piano Concerto No.1 Nn B Flat Minor, 3rd Movement.mp3"
Dec 23 14:11 : player: played "Maksim Mrvica/2004 - Variations Part I & II/03 - Merry Christmas Mr. Lawrence.mp3"
Dec 23 14:12 : config: option 'path' on line 10 was not recognized
Dec 23 14:12 : client: [0] opened from [::1]:43462
Dec 23 14:13 : player: played "Maksim Mrvica/2004 - Variations Part I & II/03 - Merry Christmas Mr. Lawrence.mp3"
Dec 23 14:16 : player: played "Maksim Mrvica/2004 - Variations Part I & II/04 - Totentanz.mp3"
Dec 23 14:17 : config: option 'path' on line 10 was not recognized
Dec 23 14:17 : client: [0] opened from [::1]:43518
Dec 23 14:19 : player: played "Maksim Mrvica/2004 - Variations Part I & II/04 - Totentanz.mp3"
Dec 23 14:23 : player: played "Maksim Mrvica/2004 - Variations Part I & II/05 - Olympic Dream.mp3"
Dec 23 14:26 : player: played "Maksim Mrvica/2004 - Variations Part I & II/06 - Amazonic.mp3"
Dec 23 14:27 : player: played "Maksim Mrvica/2004 - Variations Part I & II/07 - 'Leeloos' Tune.mp3"
Dec 23 14:27 : config: option 'path' on line 10 was not recognized
Dec 23 14:27 : client: [0] opened from [::1]:43638
Dec 23 14:28 : player: played "Maksim Mrvica/2004 - Variations Part I & II/07 - 'Leeloos' Tune.mp3"
Dec 23 14:33 : config: option 'path' on line 10 was not recognized
Dec 23 14:33 : client: [0] opened from [::1]:44038
Dec 23 14:34 : player: played "Maksim Mrvica/2004 - Variations Part I & II/07 - 'Leeloos' Tune.mp3"
Dec 23 14:34 : config: option 'path' on line 10 was not recognized
Dec 23 14:34 : client: [0] opened from [::1]:44062
Dec 23 14:35 : player: played "Maksim Mrvica/2004 - Variations Part I & II/07 - 'Leeloos' Tune.mp3"
Dec 23 14:35 : client: [0] opened from [::1]:44068
Dec 23 14:35 : player: played "Maksim Mrvica/2004 - Variations Part I & II/07 - 'Leeloos' Tune.mp3"
Dec 23 14:36 : player: played "Maksim Mrvica/2004 - Variations Part I & II/08 - Procession Of The Sardar.mp3"
Dec 23 14:36 : client: [0] opened from [::1]:44104
Dec 23 14:38 : player: played "Maksim Mrvica/2004 - Variations Part I & II/08 - Procession Of The Sardar.mp3"
Dec 23 14:56 : client: [0] opened from [::1]:59920
Dec 23 14:58 : player: played "Maksim Mrvica/2004 - Variations Part I & II/08 - Procession Of The Sardar.mp3"
Dec 23 14:58 : config: option 'path' on line 10 was not recognized
Dec 23 14:58 : client: [0] opened from [::1]:59926
Dec 23 14:58 : player: played "Maksim Mrvica/2004 - Variations Part I & II/08 - Procession Of The Sardar.mp3"
Dec 23 15:03 : player: played "Maksim Mrvica/2004 - Variations Part I & II/09 - Bohemian Rhapsody.mp3"
Dec 31 08:35 : config: option 'path' on line 13 was not recognized
Dec 31 08:35 : client: [0] opened from [::1]:53780
Dec 31 08:38 : player: played "Maksim Mrvica/2004 - Variations Part I & II/09 - Bohemian Rhapsody.mp3"
Dec 31 08:50 : player: played "Maksim Mrvica/2004 - Variations Part I & II/10 - Pictures At An Exhibition.mp3"
Dec 31 08:54 : player: played "Maksim Mrvica/2004 - Variations Part I & II/11 - Etude In D Sharp Minor, 'Patetico'.mp3"
Dec 31 08:59 : player: played "Maksim Mrvica/2004 - Variations Part I & II/12 - Nocturne In E Flat Major.mp3"
Dec 31 09:03 : player: played "Maksim Mrvica/2004 - Variations Part I & II/01 - Kolibre.mp3"
Dec 31 09:09 : player: played "Maksim Mrvica/2004 - Variations Part I & II/14 - Pagrag.mp3"
Dec 31 09:13 : player: played "Maksim Mrvica/2004 - Variations Part I & II/02 - Piano Concerto No.1 Nn B Flat Minor, 3rd Movement.mp3"
Dec 31 09:17 : player: played "Maksim Mrvica/2004 - Variations Part I & II/03 - Merry Christmas Mr. Lawrence.mp3"
Dec 31 09:21 : player: played "Maksim Mrvica/2004 - Variations Part I & II/04 - Totentanz.mp3"
Dec 31 09:25 : player: played "Maksim Mrvica/2004 - Variations Part I & II/05 - Olympic Dream.mp3"
Dec 31 09:29 : player: played "Maksim Mrvica/2004 - Variations Part I & II/06 - Amazonic.mp3"
Dec 31 09:32 : player: played "Maksim Mrvica/2004 - Variations Part I & II/07 - 'Leeloos' Tune.mp3"
Dec 31 09:37 : player: played "Maksim Mrvica/2004 - Variations Part I & II/08 - Procession Of The Sardar.mp3"
Dec 31 09:43 : player: played "Maksim Mrvica/2004 - Variations Part I & II/09 - Bohemian Rhapsody.mp3"
Dec 31 09:56 : player: played "Maksim Mrvica/2004 - Variations Part I & II/10 - Pictures At An Exhibition.mp3"
Dec 31 10:00 : player: played "Maksim Mrvica/2004 - Variations Part I & II/11 - Etude In D Sharp Minor, 'Patetico'.mp3"
Dec 31 10:05 : player: played "Maksim Mrvica/2004 - Variations Part I & II/12 - Nocturne In E Flat Major.mp3"
Dec 31 10:09 : player: played "Maksim Mrvica/2004 - Variations Part I & II/01 - Kolibre.mp3"
Dec 31 10:14 : player: played "Maksim Mrvica/2004 - Variations Part I & II/14 - Pagrag.mp3"
Dec 31 10:19 : player: played "Maksim Mrvica/2004 - Variations Part I & II/02 - Piano Concerto No.1 Nn B Flat Minor, 3rd Movement.mp3"
Dec 31 10:22 : player: played "Maksim Mrvica/2004 - Variations Part I & II/03 - Merry Christmas Mr. Lawrence.mp3"
Dec 31 10:27 : player: played "Maksim Mrvica/2004 - Variations Part I & II/04 - Totentanz.mp3"
Dec 31 10:31 : player: played "Maksim Mrvica/2004 - Variations Part I & II/05 - Olympic Dream.mp3"
Dec 31 10:34 : player: played "Maksim Mrvica/2004 - Variations Part I & II/06 - Amazonic.mp3"
Dec 31 10:38 : player: played "Maksim Mrvica/2004 - Variations Part I & II/07 - 'Leeloos' Tune.mp3"
Dec 31 10:42 : player: played "Maksim Mrvica/2004 - Variations Part I & II/08 - Procession Of The Sardar.mp3"
Dec 31 10:49 : player: played "Maksim Mrvica/2004 - Variations Part I & II/09 - Bohemian Rhapsody.mp3"
Dec 31 11:02 : player: played "Maksim Mrvica/2004 - Variations Part I & II/10 - Pictures At An Exhibition.mp3"
Dec 31 11:06 : player: played "Maksim Mrvica/2004 - Variations Part I & II/11 - Etude In D Sharp Minor, 'Patetico'.mp3"
Dec 31 11:11 : player: played "Maksim Mrvica/2004 - Variations Part I & II/12 - Nocturne In E Flat Major.mp3"
Dec 31 11:15 : player: played "Maksim Mrvica/2004 - Variations Part I & II/01 - Kolibre.mp3"
Dec 31 11:20 : player: played "Maksim Mrvica/2004 - Variations Part I & II/14 - Pagrag.mp3"
Dec 31 11:24 : player: played "Maksim Mrvica/2004 - Variations Part I & II/02 - Piano Concerto No.1 Nn B Flat Minor, 3rd Movement.mp3"
Dec 31 11:28 : player: played "Maksim Mrvica/2004 - Variations Part I & II/03 - Merry Christmas Mr. Lawrence.mp3"
Dec 31 11:33 : player: played "Maksim Mrvica/2004 - Variations Part I & II/04 - Totentanz.mp3"
Dec 31 11:37 : player: played "Maksim Mrvica/2004 - Variations Part I & II/05 - Olympic Dream.mp3"
Dec 31 11:37 : client: [1] opened from [::1]:56408
Dec 31 11:38 : client: [1] closed
Dec 31 11:39 : client: [2] opened from [::1]:56410
Dec 31 11:39 : client: [2] closed
Dec 31 11:39 : client: [3] opened from [::1]:56412
Dec 31 11:39 : client: [3] closed
Dec 31 11:40 : player: played "Maksim Mrvica/2004 - Variations Part I & II/06 - Amazonic.mp3"
Dec 31 11:42 : client: [4] opened from [::1]:56424
Dec 31 11:43 : client: [4] closed
Dec 31 11:44 : player: played "Maksim Mrvica/2004 - Variations Part I & II/07 - 'Leeloos' Tune.mp3"
Dec 31 11:48 : client: [0] closed
Dec 31 11:48 : player: played "Maksim Mrvica/2004 - Variations Part I & II/08 - Procession Of The Sardar.mp3"
Dec 31 11:55 : player: played "Maksim Mrvica/2004 - Variations Part I & II/09 - Bohemian Rhapsody.mp3"
Dec 31 12:07 : player: played "Maksim Mrvica/2004 - Variations Part I & II/10 - Pictures At An Exhibition.mp3"
Dec 31 12:12 : player: played "Maksim Mrvica/2004 - Variations Part I & II/11 - Etude In D Sharp Minor, 'Patetico'.mp3"
Dec 31 12:17 : player: played "Maksim Mrvica/2004 - Variations Part I & II/12 - Nocturne In E Flat Major.mp3"
Dec 31 12:20 : player: played "Maksim Mrvica/2004 - Variations Part I & II/01 - Kolibre.mp3"
Dec 31 12:26 : player: played "Maksim Mrvica/2004 - Variations Part I & II/14 - Pagrag.mp3"
Dec 31 12:30 : player: played "Maksim Mrvica/2004 - Variations Part I & II/02 - Piano Concerto No.1 Nn B Flat Minor, 3rd Movement.mp3"
Dec 31 12:34 : player: played "Maksim Mrvica/2004 - Variations Part I & II/03 - Merry Christmas Mr. Lawrence.mp3"
Dec 31 12:39 : player: played "Maksim Mrvica/2004 - Variations Part I & II/04 - Totentanz.mp3"
Dec 31 12:43 : player: played "Maksim Mrvica/2004 - Variations Part I & II/05 - Olympic Dream.mp3"
Dec 31 12:46 : player: played "Maksim Mrvica/2004 - Variations Part I & II/06 - Amazonic.mp3"
Dec 31 12:50 : player: played "Maksim Mrvica/2004 - Variations Part I & II/07 - 'Leeloos' Tune.mp3"
Dec 31 12:54 : player: played "Maksim Mrvica/2004 - Variations Part I & II/08 - Procession Of The Sardar.mp3"
Dec 31 13:01 : player: played "Maksim Mrvica/2004 - Variations Part I & II/09 - Bohemian Rhapsody.mp3"
Dec 31 13:13 : player: played "Maksim Mrvica/2004 - Variations Part I & II/10 - Pictures At An Exhibition.mp3"
Dec 31 13:17 : player: played "Maksim Mrvica/2004 - Variations Part I & II/11 - Etude In D Sharp Minor, 'Patetico'.mp3"
Dec 31 13:22 : player: played "Maksim Mrvica/2004 - Variations Part I & II/12 - Nocturne In E Flat Major.mp3"
Dec 31 13:26 : player: played "Maksim Mrvica/2004 - Variations Part I & II/01 - Kolibre.mp3"
Dec 31 13:32 : player: played "Maksim Mrvica/2004 - Variations Part I & II/14 - Pagrag.mp3"
Dec 31 13:36 : player: played "Maksim Mrvica/2004 - Variations Part I & II/02 - Piano Concerto No.1 Nn B Flat Minor, 3rd Movement.mp3"
Dec 31 13:40 : player: played "Maksim Mrvica/2004 - Variations Part I & II/03 - Merry Christmas Mr. Lawrence.mp3"
Dec 31 13:44 : player: played "Maksim Mrvica/2004 - Variations Part I & II/04 - Totentanz.mp3"
Dec 31 13:48 : player: played "Maksim Mrvica/2004 - Variations Part I & II/05 - Olympic Dream.mp3"
Dec 31 13:52 : player: played "Maksim Mrvica/2004 - Variations Part I & II/06 - Amazonic.mp3"
Dec 31 13:56 : player: played "Maksim Mrvica/2004 - Variations Part I & II/07 - 'Leeloos' Tune.mp3"
Dec 31 14:00 : player: played "Maksim Mrvica/2004 - Variations Part I & II/08 - Procession Of The Sardar.mp3"
Dec 31 14:07 : player: played "Maksim Mrvica/2004 - Variations Part I & II/09 - Bohemian Rhapsody.mp3"
Dec 31 14:19 : player: played "Maksim Mrvica/2004 - Variations Part I & II/10 - Pictures At An Exhibition.mp3"
Dec 31 14:23 : player: played "Maksim Mrvica/2004 - Variations Part I & II/11 - Etude In D Sharp Minor, 'Patetico'.mp3"
Dec 31 14:28 : player: played "Maksim Mrvica/2004 - Variations Part I & II/12 - Nocturne In E Flat Major.mp3"
Dec 31 14:32 : player: played "Maksim Mrvica/2004 - Variations Part I & II/01 - Kolibre.mp3"
Dec 31 14:38 : player: played "Maksim Mrvica/2004 - Variations Part I & II/14 - Pagrag.mp3"
Dec 31 14:38 : player: played "Maksim Mrvica/2004 - Variations Part I & II/02 - Piano Concerto No.1 Nn B Flat Minor, 3rd Movement.mp3"
Jan 08 09:25 : client: [0] opened from [::1]:59552
Jan 08 09:26 : player: played "Maksim Mrvica/2004 - Variations Part I & II/02 - Piano Concerto No.1 Nn B Flat Minor, 3rd Movement.mp3"
